Determining if the Q_WS_WIN exist failed with the following output:
Change Dir: /home/hj/github/terrian_generator/build/CMakeFiles/CMakeTmp

Run Build Command:"/usr/bin/make" "cmTC_1f212/fast"
/usr/bin/make -f CMakeFiles/cmTC_1f212.dir/build.make CMakeFiles/cmTC_1f212.dir/build
make[1]: Entering directory `/home/hj/github/terrian_generator/build/CMakeFiles/CMakeTmp'
Building CXX object CMakeFiles/cmTC_1f212.dir/CheckSymbolExists.cxx.o
/usr/bin/c++    -I/usr/include/qt4  -std=c++11    -o CMakeFiles/cmTC_1f212.dir/CheckSymbolExists.cxx.o -c /home/hj/github/terrian_generator/build/CMakeFiles/CMakeTmp/CheckSymbolExists.cxx
/home/hj/github/terrian_generator/build/CMakeFiles/CMakeTmp/CheckSymbolExists.cxx: In function ‘int main(int, char**)’:
/home/hj/github/terrian_generator/build/CMakeFiles/CMakeTmp/CheckSymbolExists.cxx:8:19: error: ‘Q_WS_WIN’ was not declared in this scope
   return ((int*)(&Q_WS_WIN))[argc];
                   ^
make[1]: *** [CMakeFiles/cmTC_1f212.dir/CheckSymbolExists.cxx.o] Error 1
make[1]: Leaving directory `/home/hj/github/terrian_generator/build/CMakeFiles/CMakeTmp'
make: *** [cmTC_1f212/fast] Error 2

File /home/hj/github/terrian_generator/build/CMakeFiles/CMakeTmp/CheckSymbolExists.cxx:
/* */
#include <QtCore/qglobal.h>

int main(int argc, char** argv)
{
  (void)argv;
#ifndef Q_WS_WIN
  return ((int*)(&Q_WS_WIN))[argc];
#else
  (void)argc;
  return 0;
#endif
}

Determining if the Q_WS_QWS exist failed with the following output:
Change Dir: /home/hj/github/terrian_generator/build/CMakeFiles/CMakeTmp

Run Build Command:"/usr/bin/make" "cmTC_7fd98/fast"
/usr/bin/make -f CMakeFiles/cmTC_7fd98.dir/build.make CMakeFiles/cmTC_7fd98.dir/build
make[1]: Entering directory `/home/hj/github/terrian_generator/build/CMakeFiles/CMakeTmp'
Building CXX object CMakeFiles/cmTC_7fd98.dir/CheckSymbolExists.cxx.o
/usr/bin/c++    -I/usr/include/qt4  -std=c++11    -o CMakeFiles/cmTC_7fd98.dir/CheckSymbolExists.cxx.o -c /home/hj/github/terrian_generator/build/CMakeFiles/CMakeTmp/CheckSymbolExists.cxx
/home/hj/github/terrian_generator/build/CMakeFiles/CMakeTmp/CheckSymbolExists.cxx: In function ‘int main(int, char**)’:
/home/hj/github/terrian_generator/build/CMakeFiles/CMakeTmp/CheckSymbolExists.cxx:8:19: error: ‘Q_WS_QWS’ was not declared in this scope
   return ((int*)(&Q_WS_QWS))[argc];
                   ^
make[1]: *** [CMakeFiles/cmTC_7fd98.dir/CheckSymbolExists.cxx.o] Error 1
make[1]: Leaving directory `/home/hj/github/terrian_generator/build/CMakeFiles/CMakeTmp'
make: *** [cmTC_7fd98/fast] Error 2

File /home/hj/github/terrian_generator/build/CMakeFiles/CMakeTmp/CheckSymbolExists.cxx:
/* */
#include <QtCore/qglobal.h>

int main(int argc, char** argv)
{
  (void)argv;
#ifndef Q_WS_QWS
  return ((int*)(&Q_WS_QWS))[argc];
#else
  (void)argc;
  return 0;
#endif
}

Determining if the Q_WS_MAC exist failed with the following output:
Change Dir: /home/hj/github/terrian_generator/build/CMakeFiles/CMakeTmp

Run Build Command:"/usr/bin/make" "cmTC_2bd55/fast"
/usr/bin/make -f CMakeFiles/cmTC_2bd55.dir/build.make CMakeFiles/cmTC_2bd55.dir/build
make[1]: Entering directory `/home/hj/github/terrian_generator/build/CMakeFiles/CMakeTmp'
Building CXX object CMakeFiles/cmTC_2bd55.dir/CheckSymbolExists.cxx.o
/usr/bin/c++    -I/usr/include/qt4  -std=c++11    -o CMakeFiles/cmTC_2bd55.dir/CheckSymbolExists.cxx.o -c /home/hj/github/terrian_generator/build/CMakeFiles/CMakeTmp/CheckSymbolExists.cxx
/home/hj/github/terrian_generator/build/CMakeFiles/CMakeTmp/CheckSymbolExists.cxx: In function ‘int main(int, char**)’:
/home/hj/github/terrian_generator/build/CMakeFiles/CMakeTmp/CheckSymbolExists.cxx:8:19: error: ‘Q_WS_MAC’ was not declared in this scope
   return ((int*)(&Q_WS_MAC))[argc];
                   ^
make[1]: *** [CMakeFiles/cmTC_2bd55.dir/CheckSymbolExists.cxx.o] Error 1
make[1]: Leaving directory `/home/hj/github/terrian_generator/build/CMakeFiles/CMakeTmp'
make: *** [cmTC_2bd55/fast] Error 2

File /home/hj/github/terrian_generator/build/CMakeFiles/CMakeTmp/CheckSymbolExists.cxx:
/* */
#include <QtCore/qglobal.h>

int main(int argc, char** argv)
{
  (void)argv;
#ifndef Q_WS_MAC
  return ((int*)(&Q_WS_MAC))[argc];
#else
  (void)argc;
  return 0;
#endif
}

